Thu Apr 17 06:23:09 UTC 2025
Thu Apr 17 13:18:32 UTC 2025
Fri Apr 18 13:15:33 UTC 2025
Sat Apr 19 13:02:34 UTC 2025
Sun Apr 20 13:13:25 UTC 2025
Mon Apr 21 13:17:20 UTC 2025
Tue Apr 22 13:35:04 UTC 2025
Wed Apr 23 13:35:52 UTC 2025
Thu Apr 24 13:36:41 UTC 2025
Fri Apr 25 13:18:42 UTC 2025
Sat Apr 26 13:04:08 UTC 2025
Sun Apr 27 13:04:26 UTC 2025
Mon Apr 28 13:49:57 UTC 2025
Tue Apr 29 13:44:28 UTC 2025
Wed Apr 30 13:35:01 UTC 2025
Thu May  1 13:17:54 UTC 2025
Fri May  2 13:18:52 UTC 2025
Sat May  3 13:05:23 UTC 2025
Sun May  4 13:13:46 UTC 2025
Mon May  5 13:36:08 UTC 2025
Tue May  6 13:39:42 UTC 2025
Wed May  7 13:42:53 UTC 2025
Thu May  8 13:35:30 UTC 2025
Fri May  9 13:35:18 UTC 2025
Sat May 10 13:05:56 UTC 2025
Sun May 11 13:13:32 UTC 2025
Mon May 12 13:41:46 UTC 2025
Tue May 13 13:43:07 UTC 2025
Wed May 14 13:37:45 UTC 2025
Thu May 15 13:37:27 UTC 2025
Fri May 16 13:36:57 UTC 2025
Sat May 17 13:13:34 UTC 2025
Sun May 18 12:30:11 UTC 2025
Mon May 19 12:35:10 UTC 2025
Tue May 20 12:35:08 UTC 2025
Wed May 21 12:33:58 UTC 2025
Thu May 22 12:34:45 UTC 2025
Fri May 23 12:32:55 UTC 2025
Sat May 24 12:29:58 UTC 2025
Sun May 25 12:30:18 UTC 2025
Mon May 26 12:32:55 UTC 2025
Tue May 27 12:35:01 UTC 2025
Wed May 28 12:34:50 UTC 2025
